# Server version 0.08 running on jiayaos-mbp:8123
# Game ID: 11
# Board class: Saboteur.SaboteurBoard
# Timeout: 20000
# First Move Timeout: 30000
# Date: Fri Apr 10 17:34:00 EDT 2020
# Player 1: Player-0, 'RandomPlayer', running on jiayaos-mbp
# Player 2: Player-1, 'MontePlayer', running on jiayaos-mbp
START Player-0 RandomPlayer
START Player-1 MontePlayer
BoardInit:Tile:0,Tile:6,Destroy,Destroy,Tile:8,Tile:8,Tile:7,Bonus,Tile:8,Tile:6,Tile:9,Tile:0,Tile:5,Bonus,Tile:10,Tile:0,Tile:10,Map,Tile:6,Tile:0,Tile:7,Tile:5,Tile:7,Bonus,Tile:10,Tile:2,Tile:5,Tile:9,Tile:7,Malus,Tile:13,Tile:5,Map,Tile:7,Tile:12,Tile:9,Map,Tile:4,Malus,Tile:8,Map-Tile:9,Tile:3,Map,Tile:6,Tile:14,Bonus,Tile:1-Destroy,Tile:15,Tile:9,Tile:6,Tile:8,Tile:11,Map-Tile:hidden2,Tile:hidden1,Tile:nugget
Tile:9 5 4 1
Drop 3 0 0
Tile:3 6 5 1
Tile:8 4 5 0
Map 12 3 1
Tile:9_flip 4 4 0
Tile:14_flip 3 5 1
Map 12 7 0
Tile:8 5 6 1
Tile:6 5 7 0
Tile:6 6 4 1
Tile:8 3 6 0
Destroy 6 5 1
Tile:6 4 6 0
Tile:5 2 6 1
Tile:11 3 7 0
Tile:1 3 4 1
Tile:0 4 7 0
Tile:9_flip 6 7 1
Destroy 2 6 0
Tile:7_flip 2 6 1
Destroy 4 7 0
Drop 1 0 1
Drop 5 0 0
Drop 1 0 1
Drop 4 0 0
Tile:7 2 5 1
Drop 3 0 0
Tile:6_flip 4 7 1
Drop 3 0 0
Drop 0 0 1
Drop 0 0 0
Tile:7_flip 6 8 1
Tile:5_flip 3 8 0
Tile:7 6 6 1
Tile:9 4 8 0
Tile:10 4 9 1
Tile:9 4 10 0
Tile:12 7 8 1
Drop 3 0 0
Tile:10 4 11 1
Tile:4_flip 4 12 0
Map 12 7 1
Tile:8 5 10 0
Tile:10 5 9 1
Drop 0 0 0
Tile:5 1 5 1
Tile:7_flip 2 4 0
Tile:13 2 8 1
Malus 0 0 0
Map 12 3 1
Drop 0 0 0
Malus 0 0 1
Drop 0 0 0
Map 12 3 1
GAMEOVER DRAW
# Game ended: Fri Apr 10 17:34:04 EDT 2020
