# Server version 0.08 running on jiayaos-mbp:8123
# Game ID: 5
# Board class: Saboteur.SaboteurBoard
# Timeout: 20000
# First Move Timeout: 30000
# Date: Fri Apr 10 17:28:23 EDT 2020
# Player 1: Player-0, 'RandomPlayer', running on jiayaos-mbp
# Player 2: Player-1, 'MontePlayer', running on jiayaos-mbp
START Player-0 RandomPlayer
START Player-1 MontePlayer
BoardInit:Map,Tile:7,Map,Bonus,Tile:7,Tile:7,Tile:14,Tile:11,Tile:8,Tile:0,Tile:5,Tile:9,Tile:6,Map,Destroy,Map,Tile:10,Tile:5,Tile:8,Tile:5,Tile:7,Tile:0,Bonus,Tile:6,Tile:4,Tile:8,Tile:6,Malus,Tile:3,Tile:1,Tile:9,Tile:13,Bonus,Map,Tile:9,Tile:9,Tile:7,Destroy,Tile:10,Tile:12,Tile:2-Tile:5,Tile:6,Tile:9,Tile:8,Map,Destroy,Tile:0-Tile:0,Tile:15,Tile:8,Tile:10,Bonus,Malus,Tile:6-Tile:hidden2,Tile:nugget,Tile:hidden1
Tile:5 5 4 1
Tile:0 6 5 0
Tile:6 5 6 1
Tile:6 4 6 0
Tile:9 4 5 1
Tile:8 7 5 0
Tile:8 3 6 1
Tile:7_flip 2 6 0
Map 12 3 1
Tile:11_flip 7 6 0
Tile:8 2 5 1
Drop 1 0 0
Tile:14_flip 2 4 1
Tile:7_flip 1 5 0
Destroy 5 4 1
Tile:15 7 4 0
Destroy 1 5 1
Tile:9 4 4 0
Tile:6_flip 6 6 1
Tile:5_flip 3 7 0
Tile:0 1 5 1
Map 12 5 0
Drop 0 0 1
Map 12 7 0
Drop 2 0 1
Tile:5_flip 8 5 0
Tile:4_flip 7 7 1
Tile:6 0 5 0
Tile:7 3 5 1
Malus 0 0 0
Drop 6 0 1
Tile:8 5 4 0
Map 12 5 1
Tile:1 2 7 0
Bonus 0 0 1
Map 12 5 0
Tile:10 0 4 1
Tile:9 8 4 0
Tile:8 1 7 1
Destroy 8 4 0
Tile:7 1 6 1
Tile:12 3 4 0
Tile:6 1 8 1
Tile:0 0 6 0
Tile:9 0 8 1
Drop 0 0 0
Tile:9 0 9 1
Tile:0 2 8 0
Tile:7 1 9 1
Tile:13 1 10 0
Tile:10 1 11 1
Malus 0 0 0
Bonus 0 0 1
Drop 0 0 0
Tile:2 0 7 1
GAMEOVER DRAW
# Game ended: Fri Apr 10 17:28:33 EDT 2020
