# Server version 0.08 running on jiayaos-mbp:8123
# Game ID: 10
# Board class: Saboteur.SaboteurBoard
# Timeout: 20000
# First Move Timeout: 30000
# Date: Fri Apr 10 17:33:44 EDT 2020
# Player 1: Player-0, 'RandomPlayer', running on jiayaos-mbp
# Player 2: Player-1, 'MontePlayer', running on jiayaos-mbp
START Player-0 RandomPlayer
START Player-1 MontePlayer
BoardInit:Bonus,Bonus,Tile:4,Tile:7,Tile:7,Tile:15,Tile:10,Tile:6,Tile:7,Tile:0,Tile:9,Destroy,Malus,Map,Tile:6,Tile:0,Tile:6,Tile:12,Tile:1,Tile:9,Tile:10,Tile:10,Tile:8,Tile:5,Tile:5,Tile:5,Map,Tile:8,Map,Tile:3,Map,Tile:8,Tile:7,Tile:6,Tile:13,Tile:11,Tile:8,Tile:2,Tile:0,Tile:6,Map-Tile:9,Tile:9,Bonus,Bonus,Tile:9,Destroy,Map-Tile:7,Tile:0,Tile:8,Destroy,Tile:14,Tile:5,Malus-Tile:nugget,Tile:hidden1,Tile:hidden2
Tile:9 5 4 1
Tile:14_flip 4 5 0
Tile:9 4 6 1
Drop 5 0 0
Tile:9 4 7 1
Tile:8 5 6 0
Destroy 4 5 1
Tile:7 6 5 0
Map 12 3 1
Tile:7_flip 4 8 0
Tile:7 5 8 1
Destroy 5 4 0
Tile:4 5 4 1
Destroy 4 7 0
Tile:10 4 7 1
Tile:6 5 9 0
Tile:7 6 9 1
Tile:5_flip 6 10 0
Tile:9 4 5 1
Tile:0 5 10 0
Malus 0 0 1
Drop 6 0 0
Tile:6 6 6 1
Map 12 3 0
Tile:6 4 10 1
Drop 5 0 0
Tile:1 3 10 1
Drop 0 0 0
Tile:10 4 4 1
Drop 5 0 0
Tile:8 2 10 1
Drop 0 0 0
Tile:5 2 9 1
Drop 6 0 0
Map 12 3 1
Drop 3 0 0
Map 12 3 1
Drop 3 0 0
Map 12 3 1
Drop 6 0 0
Tile:7 7 6 1
Drop 2 0 0
Tile:13 2 11 1
Drop 1 0 0
Tile:8 1 10 1
Drop 3 0 0
Tile:0 0 10 1
Drop 0 0 0
Map 12 3 1
Drop 2 0 0
Drop 0 0 1
Drop 0 0 0
Drop 0 0 1
Drop 0 0 0
Drop 0 0 1
GAMEOVER DRAW
# Game ended: Fri Apr 10 17:33:48 EDT 2020
