# Server version 0.08 running on jiayaos-mbp:8123
# Game ID: 3
# Board class: Saboteur.SaboteurBoard
# Timeout: 20000
# First Move Timeout: 30000
# Date: Fri Apr 10 17:08:40 EDT 2020
# Player 1: Player-0, 'RandomPlayer', running on jiayaos-mbp
# Player 2: Player-1, 'Player', running on jiayaos-mbp
START Player-0 RandomPlayer
START Player-1 Player
BoardInit:Tile:5,Tile:9,Tile:9,Destroy,Map,Tile:5,Tile:6,Tile:5,Tile:3,Map,Tile:7,Map,Tile:9,Tile:2,Tile:7,Map,Tile:15,Bonus,Tile:4,Tile:10,Tile:6,Bonus,Tile:10,Tile:12,Tile:6,Destroy,Tile:0,Bonus,Tile:9,Tile:7,Tile:1,Tile:8,Tile:0,Tile:0,Tile:7,Tile:5,Tile:7,Tile:6,Tile:9,Malus,Map-Tile:8,Map,Tile:6,Tile:8,Tile:11,Tile:8,Tile:13-Tile:8,Tile:0,Destroy,Bonus,Tile:10,Tile:14,Malus-Tile:hidden2,Tile:hidden1,Tile:nugget
Tile:8 5 4 1
Drop 5 0 0
Map 12 3 1
Drop 6 0 0
Tile:5_flip 5 6 1
Drop 0 0 0
Tile:13 4 6 1
Drop 2 0 0
Tile:8 4 5 1
Destroy 5 4 0
Tile:3 4 4 1
Drop 1 0 0
Tile:7_flip 4 7 1
Tile:0 3 6 0
Tile:9 5 4 1
Map 12 5 0
Map 12 5 1
Drop 0 0 0
Tile:6 3 5 1
Tile:2 2 5 0
Tile:11 2 6 1
Tile:5 1 5 0
Tile:8 2 7 1
Destroy 5 4 0
Tile:6 2 8 1
Tile:12 5 7 0
Tile:9 1 7 1
Destroy 3 6 0
Tile:7 3 7 1
Drop 6 0 0
Tile:15 1 6 1
Drop 3 0 0
Tile:4 5 4 1
Tile:5_flip 3 8 0
Tile:6 1 8 1
Map 12 3 0
Tile:6 0 8 1
Tile:7 0 7 0
Tile:0 3 6 1
Tile:6_flip 3 4 0
Tile:9_flip 6 5 1
Drop 1 0 0
Tile:10 6 6 1
Map 12 5 0
Tile:1 2 4 1
Drop 2 0 0
Tile:0 1 4 1
Drop 2 0 0
Tile:7_flip 6 7 1
Drop 1 0 0
Tile:7 7 7 1
Malus 0 0 0
Map 12 3 1
Drop 0 0 0
Drop 0 0 1
GAMEOVER DRAW
# Game ended: Fri Apr 10 17:08:52 EDT 2020
