# Server version 0.08 running on jiayaos-mbp:8123
# Game ID: 8
# Board class: Saboteur.SaboteurBoard
# Timeout: 20000
# First Move Timeout: 30000
# Date: Fri Apr 10 17:31:58 EDT 2020
# Player 1: Player-0, 'RandomPlayer', running on jiayaos-mbp
# Player 2: Player-1, 'MontePlayer', running on jiayaos-mbp
START Player-0 RandomPlayer
START Player-1 MontePlayer
BoardInit:Map,Tile:8,Tile:5,Tile:12,Tile:7,Bonus,Tile:10,Tile:6,Destroy,Tile:1,Tile:13,Tile:15,Destroy,Tile:5,Tile:0,Map,Tile:5,Tile:2,Map,Tile:7,Tile:0,Map,Tile:9,Tile:10,Destroy,Tile:0,Bonus,Malus,Tile:6,Tile:9,Malus,Map,Map,Tile:9,Tile:8,Tile:7,Tile:14,Tile:8,Tile:8,Tile:7,Tile:9-Tile:10,Tile:0,Tile:3,Tile:7,Tile:5,Tile:6,Tile:8-Tile:6,Bonus,Tile:6,Tile:4,Bonus,Tile:9,Tile:11-Tile:hidden1,Tile:nugget,Tile:hidden2
Tile:10 5 4 1
Tile:6 4 5 0
Tile:0 3 5 1
Tile:8 5 6 0
Tile:3 4 4 1
Tile:11_flip 5 7 0
Tile:7 6 5 1
Tile:9_flip 6 6 0
Tile:5 2 5 1
Tile:6_flip 4 7 0
Tile:6 2 6 1
Tile:1 3 6 0
Tile:8 1 6 1
Drop 6 0 0
Map 12 3 1
Drop 1 0 0
Tile:5 0 6 1
Tile:6 4 8 0
Tile:7 1 5 1
Tile:12_flip 3 4 0
GAMEOVER USER CANCEL UNDECIDED
# Game ended: Fri Apr 10 17:32:45 EDT 2020
