# Server version 0.08 running on jiayaos-mbp:8123
# Game ID: 12
# Board class: Saboteur.SaboteurBoard
# Timeout: 20000
# First Move Timeout: 30000
# Date: Fri Apr 10 17:34:13 EDT 2020
# Player 1: Player-0, 'RandomPlayer', running on jiayaos-mbp
# Player 2: Player-1, 'MontePlayer', running on jiayaos-mbp
START Player-0 RandomPlayer
START Player-1 MontePlayer
BoardInit:Tile:7,Tile:9,Tile:4,Destroy,Tile:6,Tile:0,Tile:7,Tile:6,Map,Tile:9,Tile:8,Tile:14,Tile:2,Tile:5,Tile:1,Map,Bonus,Tile:0,Map,Malus,Tile:0,Tile:0,Tile:8,Tile:12,Tile:6,Tile:9,Tile:7,Tile:5,Tile:7,Tile:6,Bonus,Map,Malus,Tile:10,Tile:8,Bonus,Tile:7,Map,Tile:11,Tile:6,Destroy-Map,Tile:5,Tile:5,Tile:13,Tile:9,Tile:8,Tile:15-Destroy,Tile:9,Tile:10,Tile:3,Tile:8,Tile:10,Bonus-Tile:hidden1,Tile:hidden2,Tile:nugget
Map 12 3 1
Drop 2 0 0
Tile:5 5 4 1
Tile:9_flip 6 5 0
Tile:5 4 5 1
Drop 4 0 0
Tile:13 4 6 1
Destroy 4 6 0
Tile:9 4 6 1
Tile:3_flip 6 6 0
Tile:8 4 7 1
Tile:6 4 8 0
Tile:7 5 7 1
Tile:14 5 6 0
Tile:6 3 7 1
Destroy 4 6 0
Tile:15 3 6 1
Drop 5 0 0
Tile:4 3 5 1
Drop 1 0 0
Tile:7 6 4 1
Tile:8 7 6 0
Map 12 3 1
Tile:0 8 6 0
Tile:8 2 7 1
Tile:0 3 8 0
Tile:2 1 7 1
Tile:9 2 8 0
Tile:1 0 7 1
Tile:5_flip 7 7 0
Map 12 3 1
Tile:9 2 9 0
Tile:0 3 9 1
Map 12 3 0
Tile:8 2 10 1
Tile:6 9 6 0
Tile:6 2 11 1
Tile:9 4 6 0
Tile:7 2 6 1
Tile:10 1 8 0
GAMEOVER USER CANCEL UNDECIDED
# Game ended: Fri Apr 10 17:34:51 EDT 2020
