# Server version 0.08 running on jiayaos-mbp:8123
# Game ID: 2
# Board class: Saboteur.SaboteurBoard
# Timeout: 20000
# First Move Timeout: 30000
# Date: Fri Apr 10 16:22:33 EDT 2020
# Player 1: Player-0, 'RandomPlayer', running on jiayaos-mbp
# Player 2: Player-1, 'Player', running on jiayaos-mbp
START Player-0 RandomPlayer
START Player-1 Player
BoardInit:Tile:10,Tile:7,Bonus,Tile:8,Tile:6,Tile:1,Tile:13,Tile:8,Map,Tile:7,Tile:14,Tile:9,Tile:11,Map,Tile:10,Tile:6,Malus,Tile:3,Tile:12,Tile:7,Tile:0,Malus,Tile:0,Map,Tile:9,Tile:8,Tile:10,Tile:5,Map,Tile:9,Tile:4,Tile:7,Tile:5,Destroy,Map,Tile:0,Destroy,Tile:0,Bonus,Tile:6,Tile:9-Bonus,Tile:8,Tile:8,Destroy,Tile:5,Tile:9,Map-Tile:15,Tile:5,Tile:7,Tile:2,Tile:6,Tile:6,Bonus-Tile:hidden1,Tile:hidden2,Tile:nugget
Tile:8 5 4 1
Tile:5 4 5 0
Tile:8 4 6 1
Tile:2_flip 3 6 0
Destroy 3 6 1
Tile:8 6 5 0
Tile:5 3 6 1
Tile:6 4 4 0
Tile:9 3 7 1
Tile:15 6 6 0
Map 12 3 1
Drop 1 0 0
Tile:10 3 8 1
Tile:8 4 7 0
Tile:6 3 9 1
Tile:7_flip 4 8 0
Tile:13 2 9 1
Tile:9_flip 2 10 0
Map 12 3 1
Tile:7 4 9 0
Tile:14 2 11 1
Tile:6_flip 1 9 0
Tile:11 1 10 1
Tile:3 6 4 0
