# Server version 0.08 running on jiayaos-mbp:8123
# Game ID: 7
# Board class: Saboteur.SaboteurBoard
# Timeout: 20000
# First Move Timeout: 30000
# Date: Fri Apr 10 17:30:51 EDT 2020
# Player 1: Player-0, 'RandomPlayer', running on jiayaos-mbp
# Player 2: Player-1, 'MontePlayer', running on jiayaos-mbp
START Player-0 RandomPlayer
START Player-1 MontePlayer
BoardInit:Tile:2,Tile:14,Tile:9,Tile:8,Malus,Tile:10,Bonus,Bonus,Tile:5,Tile:5,Tile:8,Tile:6,Tile:3,Map,Bonus,Tile:8,Destroy,Tile:10,Tile:9,Tile:1,Tile:8,Tile:6,Tile:9,Tile:7,Malus,Tile:5,Tile:15,Tile:5,Tile:13,Tile:0,Tile:0,Tile:0,Tile:10,Tile:6,Tile:7,Tile:11,Tile:0,Map,Tile:6,Tile:4,Destroy-Tile:7,Tile:12,Tile:7,Map,Tile:7,Destroy,Tile:6-Map,Map,Map,Tile:8,Tile:9,Tile:9,Bonus-Tile:hidden2,Tile:nugget,Tile:hidden1
Tile:7 5 4 1
Map 12 5 0
Tile:12 6 5 1
Map 12 5 0
Tile:7_flip 5 6 1
Tile:9 4 5 0
Map 12 3 1
Map 12 5 0
Tile:2 6 6 1
Drop 0 0 0
Tile:7 7 6 1
Drop 2 0 0
Tile:5_flip 7 7 1
Tile:8 6 7 0
Destroy 6 7 1
Drop 5 0 0
Malus 0 0 1
Drop 3 0 0
Drop 4 0 1
Map 12 7 0
Destroy 7 7 1
Drop 2 0 0
Tile:8 7 7 1
Drop 3 0 0
Tile:8 6 7 1
Drop 5 0 0
Tile:9 4 4 1
Drop 0 0 0
Tile:9 7 8 1
Drop 6 0 0
Drop 5 0 1
Drop 1 0 0
Tile:13 7 9 1
Drop 4 0 0
Tile:9_flip 8 7 1
Drop 0 0 0
Tile:10 4 6 1
Drop 3 0 0
Tile:6 4 7 1
Map 12 5 0
Tile:7_flip 3 7 1
Drop 2 0 0
Tile:0 6 9 1
Drop 1 0 0
Drop 5 0 1
Drop 3 0 0
Tile:6 5 9 1
Drop 0 0 0
Drop 3 0 1
Drop 2 0 0
Drop 2 0 1
Drop 0 0 0
Drop 1 0 1
Drop 0 0 0
Drop 0 0 1
GAMEOVER DRAW
# Game ended: Fri Apr 10 17:30:58 EDT 2020
