# Server version 0.08 running on jiayaos-mbp:8123
# Game ID: 6
# Board class: Saboteur.SaboteurBoard
# Timeout: 20000
# First Move Timeout: 30000
# Date: Fri Apr 10 17:29:29 EDT 2020
# Player 1: Player-0, 'RandomPlayer', running on jiayaos-mbp
# Player 2: Player-1, 'MontePlayer', running on jiayaos-mbp
START Player-0 RandomPlayer
START Player-1 MontePlayer
BoardInit:Tile:6,Tile:10,Tile:0,Tile:9,Destroy,Destroy,Tile:0,Tile:8,Tile:7,Bonus,Tile:9,Tile:8,Map,Tile:9,Malus,Tile:5,Tile:7,Map,Tile:11,Tile:2,Tile:7,Map,Tile:7,Bonus,Tile:10,Map,Map,Bonus,Malus,Tile:8,Tile:6,Tile:5,Tile:6,Tile:8,Tile:9,Tile:5,Tile:8,Tile:12,Destroy,Tile:3,Tile:6-Bonus,Tile:5,Tile:15,Tile:6,Tile:9,Tile:10,Tile:4-Tile:0,Tile:7,Map,Tile:1,Tile:14,Tile:13,Tile:0-Tile:nugget,Tile:hidden2,Tile:hidden1
Tile:5 5 4 1
Drop 2 0 0
Tile:15 5 6 1
Tile:7_flip 5 7 0
Tile:6 6 5 1
Tile:0 7 5 0
Tile:9 4 5 1
Drop 2 0 0
Tile:10 4 4 1
Drop 0 0 0
Tile:4_flip 4 6 1
Destroy 4 6 0
Tile:6 6 7 1
Tile:9_flip 8 5 0
Tile:0 7 7 1
Tile:14_flip 6 6 0
Destroy 4 4 1
Drop 1 0 0
Tile:0 7 6 1
Tile:5_flip 4 6 0
Tile:7 4 4 1
Tile:8 6 4 0
Tile:9 3 6 1
Drop 5 0 0
Map 12 3 1
Map 12 7 0
Malus 0 0 1
Map 12 3 0
Tile:7 3 5 1
Drop 5 0 0
Tile:11 2 5 1
Bonus 0 0 0
Tile:7 2 4 1
Tile:9 8 4 0
Tile:7 8 7 1
Tile:8 8 8 0
Tile:10 2 6 1
Drop 6 0 0
Map 12 3 1
Tile:12_flip 7 8 0
Malus 0 0 1
Drop 4 0 0
Tile:6 2 7 1
Drop 4 0 0
Tile:6 3 7 1
Drop 3 0 0
Tile:9 1 7 1
Drop 2 0 0
Tile:8 1 8 1
Bonus 0 0 0
Destroy 1 7 1
Tile:3 4 7 0
Tile:6 1 9 1
Drop 0 0 0
Drop 0 0 1
GAMEOVER DRAW
# Game ended: Fri Apr 10 17:29:47 EDT 2020
