# Server version 0.08 running on jiayaos-mbp:8123
# Game ID: 13
# Board class: Saboteur.SaboteurBoard
# Timeout: 20000
# First Move Timeout: 30000
# Date: Fri Apr 10 17:34:58 EDT 2020
# Player 1: Player-0, 'RandomPlayer', running on jiayaos-mbp
# Player 2: Player-1, 'MontePlayer', running on jiayaos-mbp
START Player-0 RandomPlayer
START Player-1 MontePlayer
BoardInit:Tile:1,Tile:8,Tile:6,Tile:0,Tile:5,Tile:9,Bonus,Tile:0,Bonus,Tile:7,Tile:10,Tile:6,Tile:4,Tile:8,Tile:5,Map,Tile:6,Destroy,Tile:7,Bonus,Malus,Tile:0,Tile:9,Tile:5,Tile:9,Tile:9,Tile:6,Tile:12,Bonus,Tile:15,Tile:7,Map,Tile:6,Tile:8,Tile:3,Tile:8,Destroy,Map,Tile:5,Tile:10,Tile:8-Map,Tile:13,Tile:10,Destroy,Tile:14,Malus,Tile:7-Tile:7,Tile:2,Map,Tile:9,Map,Tile:11,Tile:0-Tile:hidden1,Tile:nugget,Tile:hidden2
Map 12 3 1
Tile:2_flip 4 5 0
Tile:13 4 4 1
Tile:9_flip 5 4 0
Tile:10 5 6 1
Tile:7_flip 5 7 0
Destroy 4 4 1
Map 12 5 0
Tile:14 6 5 1
Drop 0 0 0
Malus 0 0 1
Drop 4 0 0
Tile:7 6 7 1
Drop 0 0 0
Tile:1 3 5 1
Drop 0 0 0
Tile:6 2 5 1
Map 12 7 0
Tile:5 2 4 1
Destroy 6 7 0
Tile:10 6 4 1
Drop 2 0 0
Tile:5 1 5 1
Drop 3 0 0
Tile:4_flip 1 6 1
Drop 5 0 0
Tile:6 3 4 1
Drop 0 0 0
Tile:7 6 7 1
Drop 6 0 0
Malus 0 0 1
Drop 1 0 0
Tile:9 6 8 1
Map 12 7 0
Tile:9 6 9 1
Drop 0 0 0
Tile:6 7 8 1
Drop 4 0 0
Tile:7 7 9 1
Map 12 5 0
Tile:6 6 10 1
Drop 4 0 0
Tile:3 8 8 1
Bonus 0 0 0
Destroy 1 5 1
Drop 3 0 0
Tile:5 1 5 1
Drop 0 0 0
Tile:8 4 4 1
Drop 2 0 0
Drop 0 0 1
Drop 0 0 0
Drop 0 0 1
Drop 0 0 0
Drop 0 0 1
GAMEOVER DRAW
# Game ended: Fri Apr 10 17:35:17 EDT 2020
